[2021-02-04 05:01:11,466] {dag_processing.py:590} INFO - Processing files using up to 2 processes at a time 
[2021-02-04 05:01:11,467] {dag_processing.py:591} INFO - Process each file at most once every 0 seconds
[2021-02-04 05:01:11,467] {dag_processing.py:593} INFO - Checking for new files in /opt/airflow/dags every 300 seconds
[2021-02-04 05:01:11,467] {dag_processing.py:726} INFO - Searching for files in /opt/airflow/dags
[2021-02-04 05:01:11,478] {dag_processing.py:729} INFO - There are 1 files in /opt/airflow/dags
[2021-02-04 05:01:11,518] {dag_processing.py:1062} INFO - Finding 'running' jobs without a recent heartbeat
[2021-02-04 05:01:11,519] {dag_processing.py:1066} INFO - Failing jobs without heartbeat after 2021-02-04 04:56:11.519488+00:00
[2021-02-04 05:01:11,556] {dag_processing.py:833} INFO - 
================================================================================
DAG File Processing Stats

File Path                       PID  Runtime      # DAGs    # Errors  Last Runtime    Last Run
----------------------------  -----  ---------  --------  ----------  --------------  ----------
/opt/airflow/dags/daaaggg.py    162  0.03s             0           0
================================================================================
[2021-02-04 05:01:21,942] {dag_processing.py:1062} INFO - Finding 'running' jobs without a recent heartbeat
[2021-02-04 05:01:21,944] {dag_processing.py:1066} INFO - Failing jobs without heartbeat after 2021-02-04 04:56:21.944504+00:00
[2021-02-04 05:01:32,144] {dag_processing.py:1062} INFO - Finding 'running' jobs without a recent heartbeat
[2021-02-04 05:01:32,147] {dag_processing.py:1066} INFO - Failing jobs without heartbeat after 2021-02-04 04:56:32.147564+00:00
[2021-02-04 05:01:41,875] {dag_processing.py:833} INFO - 
================================================================================
DAG File Processing Stats

File Path                       PID  Runtime      # DAGs    # Errors  Last Runtime    Last Run
----------------------------  -----  ---------  --------  ----------  --------------  -------------------
/opt/airflow/dags/daaaggg.py    417  0.00s             1           0  0.52s           2021-02-04T05:01:41
================================================================================
[2021-02-04 05:01:42,359] {dag_processing.py:1062} INFO - Finding 'running' jobs without a recent heartbeat
[2021-02-04 05:01:42,360] {dag_processing.py:1066} INFO - Failing jobs without heartbeat after 2021-02-04 04:56:42.360039+00:00
[2021-02-04 05:01:52,452] {dag_processing.py:1062} INFO - Finding 'running' jobs without a recent heartbeat
[2021-02-04 05:01:52,452] {dag_processing.py:1066} INFO - Failing jobs without heartbeat after 2021-02-04 04:56:52.452870+00:00
[2021-02-04 05:02:02,558] {dag_processing.py:1062} INFO - Finding 'running' jobs without a recent heartbeat
[2021-02-04 05:02:02,559] {dag_processing.py:1066} INFO - Failing jobs without heartbeat after 2021-02-04 04:57:02.559437+00:00
[2021-02-04 05:02:12,067] {dag_processing.py:833} INFO - 
================================================================================
DAG File Processing Stats

File Path                       PID  Runtime      # DAGs    # Errors  Last Runtime    Last Run
----------------------------  -----  ---------  --------  ----------  --------------  -------------------
/opt/airflow/dags/daaaggg.py    672  0.48s             1           0  0.53s           2021-02-04T05:02:11
================================================================================
[2021-02-04 05:02:12,766] {dag_processing.py:1062} INFO - Finding 'running' jobs without a recent heartbeat
[2021-02-04 05:02:12,766] {dag_processing.py:1066} INFO - Failing jobs without heartbeat after 2021-02-04 04:57:12.766608+00:00
[2021-02-04 05:02:23,122] {dag_processing.py:1062} INFO - Finding 'running' jobs without a recent heartbeat
[2021-02-04 05:02:23,123] {dag_processing.py:1066} INFO - Failing jobs without heartbeat after 2021-02-04 04:57:23.123184+00:00
[2021-02-04 05:02:33,164] {dag_processing.py:1062} INFO - Finding 'running' jobs without a recent heartbeat
[2021-02-04 05:02:33,164] {dag_processing.py:1066} INFO - Failing jobs without heartbeat after 2021-02-04 04:57:33.164817+00:00
[2021-02-04 05:02:42,270] {dag_processing.py:833} INFO - 
================================================================================
DAG File Processing Stats

File Path                       PID  Runtime      # DAGs    # Errors  Last Runtime    Last Run
----------------------------  -----  ---------  --------  ----------  --------------  -------------------
/opt/airflow/dags/daaaggg.py    942  0.45s             1           0  0.56s           2021-02-04T05:02:41
================================================================================
[2021-02-04 05:02:43,346] {dag_processing.py:1062} INFO - Finding 'running' jobs without a recent heartbeat
[2021-02-04 05:02:43,347] {dag_processing.py:1066} INFO - Failing jobs without heartbeat after 2021-02-04 04:57:43.347330+00:00
[2021-02-04 05:02:53,920] {dag_processing.py:1062} INFO - Finding 'running' jobs without a recent heartbeat
[2021-02-04 05:02:53,920] {dag_processing.py:1066} INFO - Failing jobs without heartbeat after 2021-02-04 04:57:53.920569+00:00
[2021-02-04 05:03:04,015] {dag_processing.py:1062} INFO - Finding 'running' jobs without a recent heartbeat
[2021-02-04 05:03:04,016] {dag_processing.py:1066} INFO - Failing jobs without heartbeat after 2021-02-04 04:58:04.016246+00:00
[2021-02-04 05:03:12,513] {dag_processing.py:833} INFO - 
================================================================================
DAG File Processing Stats

File Path                       PID  Runtime      # DAGs    # Errors  Last Runtime    Last Run
----------------------------  -----  ---------  --------  ----------  --------------  -------------------
/opt/airflow/dags/daaaggg.py   1222  0.00s             1           0  0.54s           2021-02-04T05:03:12
================================================================================
[2021-02-04 05:03:14,073] {dag_processing.py:1062} INFO - Finding 'running' jobs without a recent heartbeat
[2021-02-04 05:03:14,073] {dag_processing.py:1066} INFO - Failing jobs without heartbeat after 2021-02-04 04:58:14.073545+00:00
[2021-02-04 05:03:24,361] {dag_processing.py:1062} INFO - Finding 'running' jobs without a recent heartbeat
[2021-02-04 05:03:24,362] {dag_processing.py:1066} INFO - Failing jobs without heartbeat after 2021-02-04 04:58:24.362428+00:00
[2021-02-04 05:03:34,413] {dag_processing.py:1062} INFO - Finding 'running' jobs without a recent heartbeat
[2021-02-04 05:03:34,414] {dag_processing.py:1066} INFO - Failing jobs without heartbeat after 2021-02-04 04:58:34.414049+00:00
[2021-02-04 05:03:42,653] {dag_processing.py:833} INFO - 
================================================================================
DAG File Processing Stats

File Path                       PID  Runtime      # DAGs    # Errors  Last Runtime    Last Run
----------------------------  -----  ---------  --------  ----------  --------------  -------------------
/opt/airflow/dags/daaaggg.py   1492  0.46s             1           0  0.55s           2021-02-04T05:03:42
================================================================================
[2021-02-04 05:03:44,818] {dag_processing.py:1062} INFO - Finding 'running' jobs without a recent heartbeat
[2021-02-04 05:03:44,818] {dag_processing.py:1066} INFO - Failing jobs without heartbeat after 2021-02-04 04:58:44.818748+00:00
[2021-02-04 05:03:55,018] {dag_processing.py:1062} INFO - Finding 'running' jobs without a recent heartbeat
[2021-02-04 05:03:55,019] {dag_processing.py:1066} INFO - Failing jobs without heartbeat after 2021-02-04 04:58:55.019265+00:00
[2021-02-04 05:04:05,138] {dag_processing.py:1062} INFO - Finding 'running' jobs without a recent heartbeat
[2021-02-04 05:04:05,138] {dag_processing.py:1066} INFO - Failing jobs without heartbeat after 2021-02-04 04:59:05.138823+00:00
[2021-02-04 05:04:13,012] {dag_processing.py:833} INFO - 
================================================================================
DAG File Processing Stats

File Path                       PID  Runtime      # DAGs    # Errors  Last Runtime    Last Run
----------------------------  -----  ---------  --------  ----------  --------------  -------------------
/opt/airflow/dags/daaaggg.py   1762  0.00s             1           0  0.55s           2021-02-04T05:04:13
================================================================================
[2021-02-04 05:04:15,235] {dag_processing.py:1062} INFO - Finding 'running' jobs without a recent heartbeat
[2021-02-04 05:04:15,235] {dag_processing.py:1066} INFO - Failing jobs without heartbeat after 2021-02-04 04:59:15.235875+00:00
[2021-02-04 05:04:25,409] {dag_processing.py:1062} INFO - Finding 'running' jobs without a recent heartbeat
[2021-02-04 05:04:25,410] {dag_processing.py:1066} INFO - Failing jobs without heartbeat after 2021-02-04 04:59:25.410306+00:00
[2021-02-04 05:04:35,631] {dag_processing.py:1062} INFO - Finding 'running' jobs without a recent heartbeat
[2021-02-04 05:04:35,632] {dag_processing.py:1066} INFO - Failing jobs without heartbeat after 2021-02-04 04:59:35.632031+00:00
[2021-02-04 05:04:43,445] {dag_processing.py:833} INFO - 
================================================================================
DAG File Processing Stats

File Path                       PID  Runtime      # DAGs    # Errors  Last Runtime    Last Run
----------------------------  -----  ---------  --------  ----------  --------------  -------------------
/opt/airflow/dags/daaaggg.py   2047  0.00s             1           0  0.46s           2021-02-04T05:04:43
================================================================================
[2021-02-04 05:04:45,808] {dag_processing.py:1062} INFO - Finding 'running' jobs without a recent heartbeat
[2021-02-04 05:04:45,808] {dag_processing.py:1066} INFO - Failing jobs without heartbeat after 2021-02-04 04:59:45.808822+00:00
[2021-02-04 05:04:56,249] {dag_processing.py:1062} INFO - Finding 'running' jobs without a recent heartbeat
[2021-02-04 05:04:56,250] {dag_processing.py:1066} INFO - Failing jobs without heartbeat after 2021-02-04 04:59:56.250524+00:00
[2021-02-04 05:05:06,375] {dag_processing.py:1062} INFO - Finding 'running' jobs without a recent heartbeat
[2021-02-04 05:05:06,376] {dag_processing.py:1066} INFO - Failing jobs without heartbeat after 2021-02-04 05:00:06.376586+00:00
[2021-02-04 05:05:13,472] {dag_processing.py:833} INFO - 
================================================================================
DAG File Processing Stats

File Path                       PID  Runtime      # DAGs    # Errors  Last Runtime    Last Run
----------------------------  -----  ---------  --------  ----------  --------------  -------------------
/opt/airflow/dags/daaaggg.py   2332  0.00s             1           0  0.47s           2021-02-04T05:05:13
================================================================================
[2021-02-04 05:05:16,668] {dag_processing.py:1062} INFO - Finding 'running' jobs without a recent heartbeat
[2021-02-04 05:05:16,669] {dag_processing.py:1066} INFO - Failing jobs without heartbeat after 2021-02-04 05:00:16.669129+00:00
[2021-02-04 05:05:27,090] {dag_processing.py:1062} INFO - Finding 'running' jobs without a recent heartbeat
[2021-02-04 05:05:27,090] {dag_processing.py:1066} INFO - Failing jobs without heartbeat after 2021-02-04 05:00:27.090548+00:00
[2021-02-04 05:05:37,264] {dag_processing.py:1062} INFO - Finding 'running' jobs without a recent heartbeat
[2021-02-04 05:05:37,266] {dag_processing.py:1066} INFO - Failing jobs without heartbeat after 2021-02-04 05:00:37.266061+00:00
[2021-02-04 05:05:43,654] {dag_processing.py:833} INFO - 
================================================================================
DAG File Processing Stats

File Path                       PID  Runtime      # DAGs    # Errors  Last Runtime    Last Run
----------------------------  -----  ---------  --------  ----------  --------------  -------------------
/opt/airflow/dags/daaaggg.py   2612  0.00s             1           0  0.51s           2021-02-04T05:05:43
================================================================================
[2021-02-04 05:05:47,596] {dag_processing.py:1062} INFO - Finding 'running' jobs without a recent heartbeat
[2021-02-04 05:05:47,597] {dag_processing.py:1066} INFO - Failing jobs without heartbeat after 2021-02-04 05:00:47.597459+00:00
[2021-02-04 05:05:57,645] {dag_processing.py:1062} INFO - Finding 'running' jobs without a recent heartbeat
[2021-02-04 05:05:57,646] {dag_processing.py:1066} INFO - Failing jobs without heartbeat after 2021-02-04 05:00:57.646465+00:00
[2021-02-04 05:06:08,085] {dag_processing.py:1062} INFO - Finding 'running' jobs without a recent heartbeat
[2021-02-04 05:06:08,086] {dag_processing.py:1066} INFO - Failing jobs without heartbeat after 2021-02-04 05:01:08.086009+00:00
[2021-02-04 05:06:11,894] {dag_processing.py:726} INFO - Searching for files in /opt/airflow/dags
[2021-02-04 05:06:11,909] {dag_processing.py:729} INFO - There are 1 files in /opt/airflow/dags
[2021-02-04 05:06:13,851] {dag_processing.py:833} INFO - 
================================================================================
DAG File Processing Stats

File Path                       PID  Runtime      # DAGs    # Errors  Last Runtime    Last Run
----------------------------  -----  ---------  --------  ----------  --------------  -------------------
/opt/airflow/dags/daaaggg.py   2907  0.00s             1           0  0.47s           2021-02-04T05:06:13
================================================================================
[2021-02-04 05:06:18,132] {dag_processing.py:1062} INFO - Finding 'running' jobs without a recent heartbeat
[2021-02-04 05:06:18,132] {dag_processing.py:1066} INFO - Failing jobs without heartbeat after 2021-02-04 05:01:18.132924+00:00
[2021-02-04 05:06:28,592] {dag_processing.py:1062} INFO - Finding 'running' jobs without a recent heartbeat
[2021-02-04 05:06:28,592] {dag_processing.py:1066} INFO - Failing jobs without heartbeat after 2021-02-04 05:01:28.592588+00:00
[2021-02-04 05:06:38,847] {dag_processing.py:1062} INFO - Finding 'running' jobs without a recent heartbeat
[2021-02-04 05:06:38,848] {dag_processing.py:1066} INFO - Failing jobs without heartbeat after 2021-02-04 05:01:38.848488+00:00
[2021-02-04 05:06:44,282] {dag_processing.py:833} INFO - 
================================================================================
DAG File Processing Stats

File Path                       PID  Runtime      # DAGs    # Errors  Last Runtime    Last Run
----------------------------  -----  ---------  --------  ----------  --------------  -------------------
/opt/airflow/dags/daaaggg.py   3217  0.52s             1           0  0.48s           2021-02-04T05:06:43
================================================================================
[2021-02-04 05:06:49,285] {dag_processing.py:1062} INFO - Finding 'running' jobs without a recent heartbeat
[2021-02-04 05:06:49,285] {dag_processing.py:1066} INFO - Failing jobs without heartbeat after 2021-02-04 05:01:49.285783+00:00
[2021-02-04 05:06:59,410] {dag_processing.py:1062} INFO - Finding 'running' jobs without a recent heartbeat
[2021-02-04 05:06:59,410] {dag_processing.py:1066} INFO - Failing jobs without heartbeat after 2021-02-04 05:01:59.410456+00:00
[2021-02-04 05:07:09,755] {dag_processing.py:1062} INFO - Finding 'running' jobs without a recent heartbeat
[2021-02-04 05:07:09,756] {dag_processing.py:1066} INFO - Failing jobs without heartbeat after 2021-02-04 05:02:09.756433+00:00
[2021-02-04 05:07:14,663] {dag_processing.py:833} INFO - 
================================================================================
DAG File Processing Stats

File Path                       PID  Runtime      # DAGs    # Errors  Last Runtime    Last Run
----------------------------  -----  ---------  --------  ----------  --------------  -------------------
/opt/airflow/dags/daaaggg.py   3527  0.00s             1           0  0.51s           2021-02-04T05:07:14
================================================================================
[2021-02-04 05:07:20,221] {dag_processing.py:1062} INFO - Finding 'running' jobs without a recent heartbeat
[2021-02-04 05:07:20,222] {dag_processing.py:1066} INFO - Failing jobs without heartbeat after 2021-02-04 05:02:20.222156+00:00
[2021-02-04 05:07:30,606] {dag_processing.py:1062} INFO - Finding 'running' jobs without a recent heartbeat
[2021-02-04 05:07:30,607] {dag_processing.py:1066} INFO - Failing jobs without heartbeat after 2021-02-04 05:02:30.607109+00:00
[2021-02-04 05:07:40,676] {dag_processing.py:1062} INFO - Finding 'running' jobs without a recent heartbeat
[2021-02-04 05:07:40,676] {dag_processing.py:1066} INFO - Failing jobs without heartbeat after 2021-02-04 05:02:40.676959+00:00
[2021-02-04 05:07:44,931] {dag_processing.py:833} INFO - 
================================================================================
DAG File Processing Stats

File Path                       PID  Runtime      # DAGs    # Errors  Last Runtime    Last Run
----------------------------  -----  ---------  --------  ----------  --------------  -------------------
/opt/airflow/dags/daaaggg.py   3842  0.00s             1           0  0.46s           2021-02-04T05:07:44
================================================================================
[2021-02-04 05:07:51,014] {dag_processing.py:1062} INFO - Finding 'running' jobs without a recent heartbeat
[2021-02-04 05:07:51,016] {dag_processing.py:1066} INFO - Failing jobs without heartbeat after 2021-02-04 05:02:51.015988+00:00
[2021-02-04 05:08:01,434] {dag_processing.py:1062} INFO - Finding 'running' jobs without a recent heartbeat
[2021-02-04 05:08:01,434] {dag_processing.py:1066} INFO - Failing jobs without heartbeat after 2021-02-04 05:03:01.434788+00:00
[2021-02-04 05:08:11,719] {dag_processing.py:1062} INFO - Finding 'running' jobs without a recent heartbeat
[2021-02-04 05:08:11,719] {dag_processing.py:1066} INFO - Failing jobs without heartbeat after 2021-02-04 05:03:11.719842+00:00
[2021-02-04 05:08:15,004] {dag_processing.py:833} INFO - 
================================================================================
DAG File Processing Stats

File Path                       PID  Runtime      # DAGs    # Errors  Last Runtime    Last Run
----------------------------  -----  ---------  --------  ----------  --------------  -------------------
/opt/airflow/dags/daaaggg.py   4147  0.00s             1           0  0.49s           2021-02-04T05:08:14
================================================================================
[2021-02-04 05:08:22,209] {dag_processing.py:1062} INFO - Finding 'running' jobs without a recent heartbeat
[2021-02-04 05:08:22,209] {dag_processing.py:1066} INFO - Failing jobs without heartbeat after 2021-02-04 05:03:22.209623+00:00
[2021-02-04 05:08:32,548] {dag_processing.py:1062} INFO - Finding 'running' jobs without a recent heartbeat
[2021-02-04 05:08:32,548] {dag_processing.py:1066} INFO - Failing jobs without heartbeat after 2021-02-04 05:03:32.548721+00:00
[2021-02-04 05:08:42,823] {dag_processing.py:1062} INFO - Finding 'running' jobs without a recent heartbeat
[2021-02-04 05:08:42,823] {dag_processing.py:1066} INFO - Failing jobs without heartbeat after 2021-02-04 05:03:42.823603+00:00
[2021-02-04 05:08:45,262] {dag_processing.py:833} INFO - 
================================================================================
DAG File Processing Stats

File Path                       PID  Runtime      # DAGs    # Errors  Last Runtime    Last Run
----------------------------  -----  ---------  --------  ----------  --------------  -------------------
/opt/airflow/dags/daaaggg.py   4447  0.00s             1           0  0.46s           2021-02-04T05:08:45
================================================================================
[2021-02-04 05:08:52,884] {dag_processing.py:1062} INFO - Finding 'running' jobs without a recent heartbeat
[2021-02-04 05:08:52,884] {dag_processing.py:1066} INFO - Failing jobs without heartbeat after 2021-02-04 05:03:52.884882+00:00
[2021-02-04 05:09:02,959] {dag_processing.py:1062} INFO - Finding 'running' jobs without a recent heartbeat
[2021-02-04 05:09:02,960] {dag_processing.py:1066} INFO - Failing jobs without heartbeat after 2021-02-04 05:04:02.960545+00:00
[2021-02-04 05:09:13,133] {dag_processing.py:1062} INFO - Finding 'running' jobs without a recent heartbeat
[2021-02-04 05:09:13,133] {dag_processing.py:1066} INFO - Failing jobs without heartbeat after 2021-02-04 05:04:13.133812+00:00
[2021-02-04 05:09:15,658] {dag_processing.py:833} INFO - 
================================================================================
DAG File Processing Stats

File Path                       PID  Runtime      # DAGs    # Errors  Last Runtime    Last Run
----------------------------  -----  ---------  --------  ----------  --------------  -------------------
/opt/airflow/dags/daaaggg.py   4747  0.00s             1           0  0.51s           2021-02-04T05:09:15
================================================================================
[2021-02-04 05:09:23,507] {dag_processing.py:1062} INFO - Finding 'running' jobs without a recent heartbeat
[2021-02-04 05:09:23,508] {dag_processing.py:1066} INFO - Failing jobs without heartbeat after 2021-02-04 05:04:23.508062+00:00
[2021-02-04 05:09:33,824] {dag_processing.py:1062} INFO - Finding 'running' jobs without a recent heartbeat
[2021-02-04 05:09:33,824] {dag_processing.py:1066} INFO - Failing jobs without heartbeat after 2021-02-04 05:04:33.824767+00:00
[2021-02-04 05:09:44,124] {dag_processing.py:1062} INFO - Finding 'running' jobs without a recent heartbeat
[2021-02-04 05:09:44,124] {dag_processing.py:1066} INFO - Failing jobs without heartbeat after 2021-02-04 05:04:44.124848+00:00
[2021-02-04 05:09:46,116] {dag_processing.py:833} INFO - 
================================================================================
DAG File Processing Stats

File Path                       PID  Runtime      # DAGs    # Errors  Last Runtime    Last Run
----------------------------  -----  ---------  --------  ----------  --------------  -------------------
/opt/airflow/dags/daaaggg.py   5047  0.00s             1           0  0.47s           2021-02-04T05:09:46
================================================================================
[2021-02-04 05:09:54,344] {dag_processing.py:1062} INFO - Finding 'running' jobs without a recent heartbeat
[2021-02-04 05:09:54,345] {dag_processing.py:1066} INFO - Failing jobs without heartbeat after 2021-02-04 05:04:54.345410+00:00
[2021-02-04 05:10:04,479] {dag_processing.py:1062} INFO - Finding 'running' jobs without a recent heartbeat
[2021-02-04 05:10:04,480] {dag_processing.py:1066} INFO - Failing jobs without heartbeat after 2021-02-04 05:05:04.480413+00:00
[2021-02-04 05:10:14,664] {dag_processing.py:1062} INFO - Finding 'running' jobs without a recent heartbeat
[2021-02-04 05:10:14,665] {dag_processing.py:1066} INFO - Failing jobs without heartbeat after 2021-02-04 05:05:14.665819+00:00
[2021-02-04 05:10:16,438] {dag_processing.py:833} INFO - 
================================================================================
DAG File Processing Stats

File Path                       PID  Runtime      # DAGs    # Errors  Last Runtime    Last Run
----------------------------  -----  ---------  --------  ----------  --------------  -------------------
/opt/airflow/dags/daaaggg.py   5347  0.00s             1           0  0.53s           2021-02-04T05:10:16
================================================================================
[2021-02-04 05:10:24,812] {dag_processing.py:1062} INFO - Finding 'running' jobs without a recent heartbeat
[2021-02-04 05:10:24,812] {dag_processing.py:1066} INFO - Failing jobs without heartbeat after 2021-02-04 05:05:24.812420+00:00
[2021-02-04 05:10:35,024] {dag_processing.py:1062} INFO - Finding 'running' jobs without a recent heartbeat
[2021-02-04 05:10:35,025] {dag_processing.py:1066} INFO - Failing jobs without heartbeat after 2021-02-04 05:05:35.025403+00:00
[2021-02-04 05:10:45,039] {dag_processing.py:1062} INFO - Finding 'running' jobs without a recent heartbeat
[2021-02-04 05:10:45,040] {dag_processing.py:1066} INFO - Failing jobs without heartbeat after 2021-02-04 05:05:45.040315+00:00
[2021-02-04 05:10:46,799] {dag_processing.py:833} INFO - 
================================================================================
DAG File Processing Stats

File Path                       PID  Runtime      # DAGs    # Errors  Last Runtime    Last Run
----------------------------  -----  ---------  --------  ----------  --------------  -------------------
/opt/airflow/dags/daaaggg.py   5642  0.00s             1           0  0.50s           2021-02-04T05:10:46
================================================================================
[2021-02-04 05:10:55,409] {dag_processing.py:1062} INFO - Finding 'running' jobs without a recent heartbeat
[2021-02-04 05:10:55,409] {dag_processing.py:1066} INFO - Failing jobs without heartbeat after 2021-02-04 05:05:55.409887+00:00
[2021-02-04 05:11:05,893] {dag_processing.py:1062} INFO - Finding 'running' jobs without a recent heartbeat
[2021-02-04 05:11:05,894] {dag_processing.py:1066} INFO - Failing jobs without heartbeat after 2021-02-04 05:06:05.894442+00:00
[2021-02-04 05:11:12,660] {dag_processing.py:726} INFO - Searching for files in /opt/airflow/dags
[2021-02-04 05:11:12,679] {dag_processing.py:729} INFO - There are 1 files in /opt/airflow/dags
[2021-02-04 05:11:12,872] {dag_processing.py:736} ERROR - Error removing old import errors
Traceback (most recent call last):
  File "/home/airflow/.local/lib/python3.6/site-packages/sqlalchemy/pool/base.py", line 817, in _checkout
    raise exc.InvalidatePoolError()
sqlalchemy.exc.InvalidatePoolError: ()

During handling of the above exception, another exception occurred:

Traceback (most recent call last):
  File "/home/airflow/.local/lib/python3.6/site-packages/sqlalchemy/engine/base.py", line 2336, in _wrap_pool_connect
    return fn()
  File "/home/airflow/.local/lib/python3.6/site-packages/sqlalchemy/pool/base.py", line 364, in connect
    return _ConnectionFairy._checkout(self)
  File "/home/airflow/.local/lib/python3.6/site-packages/sqlalchemy/pool/base.py", line 847, in _checkout
    fairy._connection_record._checkin_failed(err)
  File "/home/airflow/.local/lib/python3.6/site-packages/sqlalchemy/util/langhelpers.py", line 70, in __exit__
    with_traceback=exc_tb,
  File "/home/airflow/.local/lib/python3.6/site-packages/sqlalchemy/util/compat.py", line 182, in raise_
    raise exception
  File "/home/airflow/.local/lib/python3.6/site-packages/sqlalchemy/pool/base.py", line 843, in _checkout
    fairy._connection_record.get_connection()
  File "/home/airflow/.local/lib/python3.6/site-packages/sqlalchemy/pool/base.py", line 610, in get_connection
    self.__connect()
  File "/home/airflow/.local/lib/python3.6/site-packages/sqlalchemy/pool/base.py", line 661, in __connect
    pool.logger.debug("Error on connect(): %s", e)
  File "/home/airflow/.local/lib/python3.6/site-packages/sqlalchemy/util/langhelpers.py", line 70, in __exit__
    with_traceback=exc_tb,
  File "/home/airflow/.local/lib/python3.6/site-packages/sqlalchemy/util/compat.py", line 182, in raise_
    raise exception
  File "/home/airflow/.local/lib/python3.6/site-packages/sqlalchemy/pool/base.py", line 656, in __connect
    connection = pool._invoke_creator(self)
  File "/home/airflow/.local/lib/python3.6/site-packages/sqlalchemy/engine/strategies.py", line 114, in connect
    return dialect.connect(*cargs, **cparams)
  File "/home/airflow/.local/lib/python3.6/site-packages/sqlalchemy/engine/default.py", line 493, in connect
    return self.dbapi.connect(*cargs, **cparams)
  File "/home/airflow/.local/lib/python3.6/site-packages/psycopg2/__init__.py", line 127, in connect
    conn = _connect(dsn, connection_factory=connection_factory, **kwasync)
psycopg2.OperationalError: could not translate host name "postgres" to address: Name or service not known


The above exception was the direct cause of the following exception:

Traceback (most recent call last):
  File "/home/airflow/.local/lib/python3.6/site-packages/airflow/utils/dag_processing.py", line 734, in _refresh_dag_dir
    self.clear_nonexistent_import_errors()  # pylint: disable=no-value-for-parameter
  File "/home/airflow/.local/lib/python3.6/site-packages/airflow/utils/session.py", line 65, in wrapper
    return func(*args, session=session, **kwargs)
  File "/home/airflow/.local/lib/python3.6/site-packages/airflow/utils/dag_processing.py", line 764, in clear_nonexistent_import_errors
    query.delete(synchronize_session='fetch')
  File "/home/airflow/.local/lib/python3.6/site-packages/sqlalchemy/orm/query.py", line 3926, in delete
    delete_op.exec_()
  File "/home/airflow/.local/lib/python3.6/site-packages/sqlalchemy/orm/persistence.py", line 1696, in exec_
    self._do_pre_synchronize()
  File "/home/airflow/.local/lib/python3.6/site-packages/sqlalchemy/orm/persistence.py", line 1804, in _do_pre_synchronize
    select_stmt, mapper=self.mapper, params=query._params
  File "/home/airflow/.local/lib/python3.6/site-packages/sqlalchemy/orm/session.py", line 1291, in execute
    return self._connection_for_bind(bind, close_with_result=True).execute(
  File "/home/airflow/.local/lib/python3.6/site-packages/sqlalchemy/orm/session.py", line 1147, in _connection_for_bind
    engine, execution_options
  File "/home/airflow/.local/lib/python3.6/site-packages/sqlalchemy/orm/session.py", line 433, in _connection_for_bind
    conn = bind._contextual_connect()
  File "/home/airflow/.local/lib/python3.6/site-packages/sqlalchemy/engine/base.py", line 2302, in _contextual_connect
    self._wrap_pool_connect(self.pool.connect, None),
  File "/home/airflow/.local/lib/python3.6/site-packages/sqlalchemy/engine/base.py", line 2340, in _wrap_pool_connect
    e, dialect, self
  File "/home/airflow/.local/lib/python3.6/site-packages/sqlalchemy/engine/base.py", line 1584, in _handle_dbapi_exception_noconnection
    sqlalchemy_exception, with_traceback=exc_info[2], from_=e
  File "/home/airflow/.local/lib/python3.6/site-packages/sqlalchemy/util/compat.py", line 182, in raise_
    raise exception
  File "/home/airflow/.local/lib/python3.6/site-packages/sqlalchemy/engine/base.py", line 2336, in _wrap_pool_connect
    return fn()
  File "/home/airflow/.local/lib/python3.6/site-packages/sqlalchemy/pool/base.py", line 364, in connect
    return _ConnectionFairy._checkout(self)
  File "/home/airflow/.local/lib/python3.6/site-packages/sqlalchemy/pool/base.py", line 847, in _checkout
    fairy._connection_record._checkin_failed(err)
  File "/home/airflow/.local/lib/python3.6/site-packages/sqlalchemy/util/langhelpers.py", line 70, in __exit__
    with_traceback=exc_tb,
  File "/home/airflow/.local/lib/python3.6/site-packages/sqlalchemy/util/compat.py", line 182, in raise_
    raise exception
  File "/home/airflow/.local/lib/python3.6/site-packages/sqlalchemy/pool/base.py", line 843, in _checkout
    fairy._connection_record.get_connection()
  File "/home/airflow/.local/lib/python3.6/site-packages/sqlalchemy/pool/base.py", line 610, in get_connection
    self.__connect()
  File "/home/airflow/.local/lib/python3.6/site-packages/sqlalchemy/pool/base.py", line 661, in __connect
    pool.logger.debug("Error on connect(): %s", e)
  File "/home/airflow/.local/lib/python3.6/site-packages/sqlalchemy/util/langhelpers.py", line 70, in __exit__
    with_traceback=exc_tb,
  File "/home/airflow/.local/lib/python3.6/site-packages/sqlalchemy/util/compat.py", line 182, in raise_
    raise exception
  File "/home/airflow/.local/lib/python3.6/site-packages/sqlalchemy/pool/base.py", line 656, in __connect
    connection = pool._invoke_creator(self)
  File "/home/airflow/.local/lib/python3.6/site-packages/sqlalchemy/engine/strategies.py", line 114, in connect
    return dialect.connect(*cargs, **cparams)
  File "/home/airflow/.local/lib/python3.6/site-packages/sqlalchemy/engine/default.py", line 493, in connect
    return self.dbapi.connect(*cargs, **cparams)
  File "/home/airflow/.local/lib/python3.6/site-packages/psycopg2/__init__.py", line 127, in connect
    conn = _connect(dsn, connection_factory=connection_factory, **kwasync)
sqlalchemy.exc.OperationalError: (psycopg2.OperationalError) could not translate host name "postgres" to address: Name or service not known

(Background on this error at: http://sqlalche.me/e/13/e3q8)
[2021-02-04 05:11:13,497] {dag_processing.py:571} INFO - Exiting gracefully upon receiving signal 15
